<?xml version="1.0" encoding="UTF-8"?>
<!-- Generated by org.testng.reporters.JUnitXMLReporter -->
<testsuite hostname="EXIHYD-IM-033" ignored="0" name="Test" tests="5" failures="2" timestamp="03 Sep 2019 09:24:20 GMT" time="3.467" errors="0">
  <testcase name="LoginAuthentication" time="0.02" classname="PageTests.DriverScript">
    <failure type="java.lang.Error" message="Unresolved compilation problems: 
	iiuijbf cannot be resolved to a type
	Syntax error, insert &amp;quot;;&amp;quot; to complete LocalVariableDeclarationStatement
	result cannot be resolved to a variable
	result cannot be resolved to a variable
">
      <![CDATA[java.lang.Error: Unresolved compilation problems: 
iiuijbf cannot be resolved to a type
Syntax error, insert ";" to complete LocalVariableDeclarationStatement
result cannot be resolved to a variable
result cannot be resolved to a variable

at PageFactory.QuestIntraHomeLogin.loginAuthentication(QuestIntraHomeLogin.java:58)
at PageTests.DriverScript.LoginAuthentication(DriverScript.java:77)
... Removed 25 stack frames]]>
    </failure>
  </testcase> <!-- LoginAuthentication -->
  <testcase name="HomeViewAllApps" time="0.0" classname="PageTests.DriverScript">
    <skipped/>
  </testcase> <!-- HomeViewAllApps -->
  <testcase name="HomeLogoTest" time="0.0" classname="PageTests.DriverScript">
    <skipped/>
  </testcase> <!-- HomeLogoTest -->
  <testcase name="UserDetails" time="0.0" classname="PageTests.DriverScript">
    <skipped/>
  </testcase> <!-- UserDetails -->
  <testcase name="LogoutAuthentication" time="3.112" classname="PageTests.DriverScript">
    <failure type="org.openqa.selenium.NoSuchElementException" message="no such element: Unable to locate element: {&amp;quot;method&amp;quot;:&amp;quot;xpath&amp;quot;,&amp;quot;selector&amp;quot;:&amp;quot;//div[@class=&amp;quot;username place-left&amp;quot;]/a&amp;quot;}
  (Session info: chrome=76.0.3809.132)
  (Driver info: chromedriver=2.44.609545 (c2f88692e98ce7233d2df7c724465ecacfe74df5),platform=Mac OS X 10.14.5 x86_64) (WARNING: The server did not provide any stacktrace information)
Command duration or timeout: 0 milliseconds
For documentation on this error, please visit: https://www.seleniumhq.org/exceptions/no_such_element.html
Build info: version: &amp;apos;4.0.0-alpha-2&amp;apos;, revision: &amp;apos;f148142cf8&amp;apos;, time: &amp;apos;2019-07-01T20:55:26&amp;apos;
System info: host: &amp;apos;EXIHYD-IM-033&amp;apos;, ip: &amp;apos;fe80:0:0:0:18ee:b88f:bb11:4f94%en0&amp;apos;, os.name: &amp;apos;Mac OS X&amp;apos;, os.arch: &amp;apos;x86_64&amp;apos;, os.version: &amp;apos;10.14.5&amp;apos;, java.version: &amp;apos;1.8.0_131&amp;apos;
Driver info: org.openqa.selenium.chrome.ChromeDriver
Capabilities {acceptInsecureCerts: false, acceptSslCerts: false, applicationCacheEnabled: false, browserConnectionEnabled: false, browserName: chrome, chrome: {chromedriverVersion: 2.44.609545 (c2f88692e98ce7..., userDataDir: /var/folders/nf/sf8gvzfx0x5...}, cssSelectorsEnabled: true, databaseEnabled: false, goog:chromeOptions: {debuggerAddress: localhost:56803}, handlesAlerts: true, hasTouchScreen: false, javascriptEnabled: true, locationContextEnabled: true, mobileEmulationEnabled: false, nativeEvents: true, networkConnectionEnabled: false, pageLoadStrategy: normal, platform: MAC, platformName: MAC, rotatable: false, setWindowRect: true, takesHeapSnapshot: true, takesScreenshot: true, unexpectedAlertBehaviour: ignore, unhandledPromptBehavior: ignore, version: 76.0.3809.132, webStorageEnabled: true}
Session ID: fdb9e568ca82bc80879546283e196436
*** Element info: {Using=xpath, value=//div[@class=&amp;quot;username place-left&amp;quot;]/a}">
      <![CDATA[org.openqa.selenium.NoSuchElementException: no such element: Unable to locate element: {"method":"xpath","selector":"//div[@class="username place-left"]/a"}
  (Session info: chrome=76.0.3809.132)
  (Driver info: chromedriver=2.44.609545 (c2f88692e98ce7233d2df7c724465ecacfe74df5),platform=Mac OS X 10.14.5 x86_64) (WARNING: The server did not provide any stacktrace information)
Command duration or timeout: 0 milliseconds
For documentation on this error, please visit: https://www.seleniumhq.org/exceptions/no_such_element.html
Build info: version: '4.0.0-alpha-2', revision: 'f148142cf8', time: '2019-07-01T20:55:26'
System info: host: 'EXIHYD-IM-033', ip: 'fe80:0:0:0:18ee:b88f:bb11:4f94%en0', os.name: 'Mac OS X', os.arch: 'x86_64', os.version: '10.14.5', java.version: '1.8.0_131'
Driver info: org.openqa.selenium.chrome.ChromeDriver
Capabilities {acceptInsecureCerts: false, acceptSslCerts: false, applicationCacheEnabled: false, browserConnectionEnabled: false, browserName: chrome, chrome: {chromedriverVersion: 2.44.609545 (c2f88692e98ce7..., userDataDir: /var/folders/nf/sf8gvzfx0x5...}, cssSelectorsEnabled: true, databaseEnabled: false, goog:chromeOptions: {debuggerAddress: localhost:56803}, handlesAlerts: true, hasTouchScreen: false, javascriptEnabled: true, locationContextEnabled: true, mobileEmulationEnabled: false, nativeEvents: true, networkConnectionEnabled: false, pageLoadStrategy: normal, platform: MAC, platformName: MAC, rotatable: false, setWindowRect: true, takesHeapSnapshot: true, takesScreenshot: true, unexpectedAlertBehaviour: ignore, unhandledPromptBehavior: ignore, version: 76.0.3809.132, webStorageEnabled: true}
Session ID: fdb9e568ca82bc80879546283e196436
*** Element info: {Using=xpath, value=//div[@class="username place-left"]/a}
at org.openqa.selenium.remote.ErrorHandler.createThrowable(ErrorHandler.java:214)
at org.openqa.selenium.remote.ErrorHandler.throwIfResponseFailed(ErrorHandler.java:166)
at org.openqa.selenium.remote.codec.jwp.JsonHttpResponseCodec.reconstructValue(JsonHttpResponseCodec.java:41)
at org.openqa.selenium.remote.codec.AbstractHttpResponseCodec.decode(AbstractHttpResponseCodec.java:83)
at org.openqa.selenium.remote.codec.AbstractHttpResponseCodec.decode(AbstractHttpResponseCodec.java:47)
at org.openqa.selenium.remote.HttpCommandExecutor.execute(HttpCommandExecutor.java:161)
at org.openqa.selenium.remote.service.DriverCommandExecutor.execute(DriverCommandExecutor.java:83)
at org.openqa.selenium.remote.RemoteWebDriver.execute(RemoteWebDriver.java:576)
at org.openqa.selenium.remote.RemoteWebDriver.findElement(RemoteWebDriver.java:327)
at org.openqa.selenium.remote.RemoteWebDriver.findElementByXPath(RemoteWebDriver.java:445)
at org.openqa.selenium.By$ByXPath.findElement(By.java:353)
at org.openqa.selenium.remote.RemoteWebDriver.findElement(RemoteWebDriver.java:319)
at org.openqa.selenium.support.pagefactory.DefaultElementLocator.findElement(DefaultElementLocator.java:70)
at org.openqa.selenium.support.pagefactory.internal.LocatingElementHandler.invoke(LocatingElementHandler.java:39)
at com.sun.proxy.$Proxy12.getText(Unknown Source)
at PageFactory.QuestIntraHomeLogin.printUser(QuestIntraHomeLogin.java:68)
at PageTests.DriverScript.LogoutAuthentication(DriverScript.java:96)
... Removed 29 stack frames]]>
    </failure>
  </testcase> <!-- LogoutAuthentication -->
</testsuite> <!-- Test -->
